Построение начато 17.01.2021 18:38:24.
     1>Проект "G:\4\4\4\4.vcxproj" в узле 2 (целевые объекты build).
     1>InitializeBuildStatus:
         Создание "Debug\4.unsuccessfulbuild", так как было задано "AlwaysCreate".
       ClCompile:
         C:\Program Files (x86)\Microsoft Visual Studio 10.0\VC\bin\CL.exe /c /ZI /nologo /W3 /WX- /Od /Oy- /D WIN32 /D _DEBUG /D _CONSOLE /D _UNICODE /D UNICODE /Gm /EHsc /RTC1 /MDd /GS /fp:precise /Zc:wchar_t /Zc:forScope /Fo"Debug\\" /Fd"Debug\vc100.pdb" /Gd /TP /analyze- /errorReport:prompt adjmatrixgen.cpp
         adjmatrixgen.cpp
     1>g:\4\4\4\adjmatrixgen.cpp(7): warning C4244: аргумент: преобразование "time_t" в "unsigned int", возможна потеря данных
       ManifestResourceCompile:
         Для всех выходных данных обновления не требуется.
       Link:
         C:\Program Files (x86)\Microsoft Visual Studio 10.0\VC\bin\link.exe /ERRORREPORT:PROMPT /OUT:"G:\4\4\Debug\4.exe" /INCREMENTAL /NOLOGO kernel32.lib user32.lib gdi32.lib winspool.lib comdlg32.lib advapi32.lib shell32.lib ole32.lib oleaut32.lib uuid.lib odbc32.lib odbccp32.lib /MANIFEST /ManifestFile:"Debug\4.exe.intermediate.manifest" /MANIFESTUAC:"level='asInvoker' uiAccess='false'" /DEBUG /PDB:"G:\4\4\Debug\4.pdb" /SUBSYSTEM:CONSOLE /TLBID:1 /DYNAMICBASE /NXCOMPAT /IMPLIB:"G:\4\4\Debug\4.lib" /MACHINE:X86 Debug\4.exe.embed.manifest.res
         Debug\adjmatrixgen.obj
         Debug\DFS.obj
         Debug\main.obj
         Debug\pr_output.obj
       Manifest:
         C:\Program Files (x86)\Microsoft SDKs\Windows\v7.0A\bin\mt.exe /nologo /verbose /out:"Debug\4.exe.embed.manifest" /manifest Debug\4.exe.intermediate.manifest
         Для всех выходных данных обновления не требуется.
       LinkEmbedManifest:
         Для всех выходных данных обновления не требуется.
         4.vcxproj -> G:\4\4\Debug\4.exe
       FinalizeBuildStatus:
         Файл "Debug\4.unsuccessfulbuild" удаляется.
         Обращение к "Debug\4.lastbuildstate".
     1>Построение проекта "G:\4\4\4\4.vcxproj" завершено (целевые объекты build).

Построение успешно завершено.

Затраченное время: 00:00:40.55
